{"level":"info","message":"✅ Connected to PostgreSQL","timestamp":"2025-07-11 23:52:19"}
{"level":"info","message":"✅ Connected to PostgreSQL","timestamp":"2025-07-11 23:54:05"}
{"level":"info","message":"✅ Connected to PostgreSQL","timestamp":"2025-07-12 00:23:40"}
{"level":"info","message":"✅ Connected to PostgreSQL","timestamp":"2025-07-12 00:25:24"}
2025-07-12 00:29:21 info: 🚀 Server is running on port 8000
2025-07-12 00:29:36 info: 🚀 Server is running on port 8000
2025-07-12 00:29:56 info: 🚀 Server is running on port 8000
2025-07-12 00:30:26 info: 🚀 Server is running on port 8000
2025-07-12 00:30:26 info: ✅ Connected to PostgreSQL
2025-07-12 00:30:29 info: 🚀 Server is running on port 8000
2025-07-12 00:30:29 info: ✅ Connected to PostgreSQL
2025-07-12 00:50:47 info: 🚀 Server is running on port 8000
2025-07-12 00:50:48 info: ✅ Connected to PostgreSQL
2025-07-12 00:51:20 info: 🚀 Server is running on port 8000
2025-07-12 00:51:20 info: ✅ Connected to PostgreSQL
2025-07-12 00:55:26 info: 🚀 Server is running on port 8000
2025-07-12 00:55:26 info: Redis connected
2025-07-12 00:55:26 info: ✅ Connected to PostgreSQL
2025-07-12 00:56:33 info: 🚀 Server is running on port 8000
2025-07-12 00:56:33 info: Redis connected
2025-07-12 00:56:33 info: ✅ Connected to PostgreSQL
2025-07-12 00:57:22 info: 🚀 Server is running on port 8000
2025-07-12 00:57:22 info: Redis connected
2025-07-12 00:57:22 info: ✅ Connected to PostgreSQL
2025-07-12 00:57:51 info: 🚀 Server is running on port 8000
2025-07-12 00:57:51 info: Redis connected
2025-07-12 00:57:51 info: ✅ Connected to PostgreSQL
2025-07-12 00:58:40 info: 🚀 Server is running on port 8000
2025-07-12 00:58:40 info: Redis connected
2025-07-12 00:58:40 info: ✅ Connected to PostgreSQL
2025-07-12 00:59:53 info: 🚀 Server is running on port 8000
2025-07-12 00:59:53 info: Redis connected
2025-07-12 00:59:53 info: ✅ Connected to PostgreSQL
2025-07-12 01:01:38 info: 🚀 Server is running on port 8000
2025-07-12 01:01:38 info: Redis connected
2025-07-12 01:01:38 info: ✅ Connected to PostgreSQL
2025-07-12 01:02:01 info: 🚀 Server is running on port 8000
2025-07-12 01:02:01 info: Redis connected
2025-07-12 01:02:01 info: ✅ Connected to PostgreSQL
2025-07-12 01:02:08 info: 🚀 Server is running on port 8000
2025-07-12 01:02:08 info: Redis connected
2025-07-12 01:02:08 info: ✅ Connected to PostgreSQL
2025-07-12 01:05:17 info: 🚀 Server is running on port 8000
2025-07-12 01:05:17 info: Redis connected
2025-07-12 01:05:17 info: ✅ Connected to PostgreSQL
2025-07-12 01:07:14 info: 🚀 Server is running on port 8000
2025-07-12 01:07:14 info: Redis connected
2025-07-12 01:07:14 info: ✅ Connected to PostgreSQL
2025-07-12 01:07:32 info: 🚀 Server is running on port 8000
2025-07-12 01:07:32 info: Redis connected
2025-07-12 01:07:32 info: ✅ Connected to PostgreSQL
2025-07-12 01:07:42 info: 🚀 Server is running on port 8000
2025-07-12 01:07:42 info: Redis connected
2025-07-12 01:07:42 info: ✅ Connected to PostgreSQL
2025-07-12 01:08:17 info: 🚀 Server is running on port 8000
2025-07-12 01:08:17 info: Redis connected
2025-07-12 01:08:17 info: ✅ Connected to PostgreSQL
2025-07-12 01:09:52 info: 🚀 Server is running on port 8000
2025-07-12 01:09:52 info: Redis connected
2025-07-12 01:09:52 info: ✅ Connected to PostgreSQL
2025-07-12 01:09:57 info: 🚀 Server is running on port 8000
2025-07-12 01:09:57 info: Redis connected
2025-07-12 01:09:58 info: ✅ Connected to PostgreSQL
2025-07-12 01:11:58 info: 🚀 Server is running on port 8000
2025-07-12 01:11:58 info: Redis connected
2025-07-12 01:11:58 info: ✅ Connected to PostgreSQL
2025-07-12 01:12:48 info: 🚀 Server is running on port 8000
2025-07-12 01:12:48 info: Redis connected
2025-07-12 01:12:48 info: ✅ Connected to PostgreSQL
2025-07-12 01:13:28 info: 🚀 Server is running on port 8000
2025-07-12 01:13:28 info: Redis connected
2025-07-12 01:13:28 info: ✅ Connected to PostgreSQL
2025-07-12 01:13:48 error: Error fetching user: kk
2025-07-12 01:13:48 error: Error fetching user with id 1: Internal Server Error
2025-07-12 01:13:49 error: Error fetching user: kk
2025-07-12 01:13:49 error: Error fetching user with id 1: Internal Server Error
2025-07-12 01:13:51 error: Error fetching user: kk
2025-07-12 01:13:51 error: Error fetching user with id 1: Internal Server Error
2025-07-12 01:13:54 error: Error fetching user: kk
2025-07-12 01:13:54 error: Error fetching user with id 1: Internal Server Error
2025-07-12 01:14:17 info: 🚀 Server is running on port 8000
2025-07-12 01:14:17 info: Redis connected
2025-07-12 01:14:17 info: ✅ Connected to PostgreSQL
2025-07-12 15:40:49 info: 🚀 Server is running on port 8000
2025-07-12 15:40:49 error: Redis Client Error: Error: connect ECONNREFUSED 127.0.0.1:6379
2025-07-12 15:42:29 info: 🚀 Server is running on port 8000
2025-07-12 15:42:29 info: Redis connected
2025-07-12 15:42:29 info: ✅ Connected to PostgreSQL
2025-07-12 16:37:03 error: Redis Client Error: Error: Socket closed unexpectedly
2025-07-12 16:37:03 info: Redis connected
2025-07-12 16:37:03 error: Redis Client Error: Error: Socket closed unexpectedly
2025-07-12 16:37:03 error: Redis Client Error: Error: Socket closed unexpectedly
2025-07-12 16:37:03 info: Redis connected
2025-07-12 16:37:03 error: Redis Client Error: Error: Socket closed unexpectedly
2025-07-12 16:37:03 error: Redis Client Error: Error: Socket closed unexpectedly
2025-07-12 16:37:03 info: Redis connected
2025-07-12 16:37:03 error: Redis Client Error: Error: Socket closed unexpectedly
2025-07-12 16:37:03 error: Redis Client Error: Error: Socket closed unexpectedly
2025-07-12 16:37:03 info: Redis connected
2025-07-12 16:37:03 error: Redis Client Error: Error: Socket closed unexpectedly
2025-07-12 16:37:03 error: Redis Client Error: Error: Socket closed unexpectedly
2025-07-12 16:37:04 info: Redis connected
2025-07-12 16:37:04 error: Redis Client Error: Error: Socket closed unexpectedly
2025-07-12 16:37:04 error: Redis Client Error: Error: Socket closed unexpectedly
2025-07-12 16:37:04 error: Redis Client Error: Error: connect ECONNREFUSED 127.0.0.1:6379
2025-07-12 16:37:04 error: Redis Client Error: Error: connect ECONNREFUSED 127.0.0.1:6379
2025-07-12 16:37:04 error: Redis Client Error: Error: connect ECONNREFUSED 127.0.0.1:6379
2025-07-12 16:37:05 error: Redis Client Error: Error: connect ECONNREFUSED 127.0.0.1:6379
2025-07-12 16:37:05 error: Redis Client Error: Error: connect ECONNREFUSED 127.0.0.1:6379
2025-07-12 16:37:06 error: Redis Client Error: Error: connect ECONNREFUSED 127.0.0.1:6379
2025-07-12 16:37:06 error: Redis Client Error: Error: connect ECONNREFUSED 127.0.0.1:6379
2025-07-12 16:37:07 error: Redis Client Error: Error: connect ECONNREFUSED 127.0.0.1:6379
2025-07-12 16:37:07 error: Redis Client Error: Error: connect ECONNREFUSED 127.0.0.1:6379
2025-07-12 16:37:08 error: Redis Client Error: Error: connect ECONNREFUSED 127.0.0.1:6379
2025-07-12 16:37:08 error: Redis Client Error: Error: connect ECONNREFUSED 127.0.0.1:6379
2025-07-12 16:37:09 error: Redis Client Error: Error: connect ECONNREFUSED 127.0.0.1:6379
2025-07-12 16:37:09 error: Redis Client Error: Error: connect ECONNREFUSED 127.0.0.1:6379
2025-07-12 16:37:10 error: Redis Client Error: Error: connect ECONNREFUSED 127.0.0.1:6379
2025-07-12 16:37:10 error: Redis Client Error: Error: connect ECONNREFUSED 127.0.0.1:6379
2025-07-12 16:37:11 error: Redis Client Error: Error: connect ECONNREFUSED 127.0.0.1:6379
2025-07-12 16:37:11 error: Redis Client Error: Error: connect ECONNREFUSED 127.0.0.1:6379
2025-07-12 16:37:12 error: Redis Client Error: Error: connect ECONNREFUSED 127.0.0.1:6379
2025-07-12 16:37:12 error: Redis Client Error: Error: connect ECONNREFUSED 127.0.0.1:6379
2025-07-12 16:37:13 error: Redis Client Error: Error: connect ECONNREFUSED 127.0.0.1:6379
2025-07-12 16:37:13 error: Redis Client Error: Error: connect ECONNREFUSED 127.0.0.1:6379
2025-07-12 16:37:14 error: Redis Client Error: Error: connect ECONNREFUSED 127.0.0.1:6379
2025-07-12 16:37:14 error: Redis Client Error: Error: connect ECONNREFUSED 127.0.0.1:6379
2025-07-12 16:37:15 error: Redis Client Error: Error: connect ECONNREFUSED 127.0.0.1:6379
2025-07-12 16:37:15 error: Redis Client Error: Error: connect ECONNREFUSED 127.0.0.1:6379
2025-07-12 16:37:16 error: Redis Client Error: Error: connect ECONNREFUSED 127.0.0.1:6379
2025-07-12 16:37:16 error: Redis Client Error: Error: connect ECONNREFUSED 127.0.0.1:6379
2025-07-12 16:37:17 error: Redis Client Error: Error: connect ECONNREFUSED 127.0.0.1:6379
2025-07-12 16:37:17 error: Redis Client Error: Error: connect ECONNREFUSED 127.0.0.1:6379
2025-07-12 16:37:18 error: Redis Client Error: Error: connect ECONNREFUSED 127.0.0.1:6379
2025-07-12 16:37:18 error: Redis Client Error: Error: connect ECONNREFUSED 127.0.0.1:6379
2025-07-12 16:37:19 error: Redis Client Error: Error: connect ECONNREFUSED 127.0.0.1:6379
2025-07-12 16:37:19 error: Redis Client Error: Error: connect ECONNREFUSED 127.0.0.1:6379
2025-07-12 16:37:20 error: Redis Client Error: Error: connect ECONNREFUSED 127.0.0.1:6379
2025-07-12 16:37:20 error: Redis Client Error: Error: connect ECONNREFUSED 127.0.0.1:6379
2025-07-12 16:37:21 error: Redis Client Error: Error: connect ECONNREFUSED 127.0.0.1:6379
2025-07-12 16:37:21 error: Redis Client Error: Error: connect ECONNREFUSED 127.0.0.1:6379
2025-07-12 16:37:22 error: Redis Client Error: Error: connect ECONNREFUSED 127.0.0.1:6379
2025-07-12 16:37:22 error: Redis Client Error: Error: connect ECONNREFUSED 127.0.0.1:6379
2025-07-12 16:37:23 error: Redis Client Error: Error: connect ECONNREFUSED 127.0.0.1:6379
2025-07-12 16:37:23 error: Redis Client Error: Error: connect ECONNREFUSED 127.0.0.1:6379
2025-07-12 16:37:24 error: Redis Client Error: Error: connect ECONNREFUSED 127.0.0.1:6379
2025-07-12 16:37:24 error: Redis Client Error: Error: connect ECONNREFUSED 127.0.0.1:6379
2025-07-12 16:37:25 error: Redis Client Error: Error: connect ECONNREFUSED 127.0.0.1:6379
2025-07-12 16:37:25 error: Redis Client Error: Error: connect ECONNREFUSED 127.0.0.1:6379
2025-07-12 16:37:26 error: Redis Client Error: Error: connect ECONNREFUSED 127.0.0.1:6379
2025-07-12 16:37:27 error: Redis Client Error: Error: connect ECONNREFUSED 127.0.0.1:6379
2025-07-12 16:37:27 error: Redis Client Error: Error: connect ECONNREFUSED 127.0.0.1:6379
2025-07-12 16:37:28 error: Redis Client Error: Error: connect ECONNREFUSED 127.0.0.1:6379
2025-07-12 16:37:28 error: Redis Client Error: Error: connect ECONNREFUSED 127.0.0.1:6379
2025-07-12 16:37:29 error: Redis Client Error: Error: connect ECONNREFUSED 127.0.0.1:6379
2025-07-12 16:37:29 error: Redis Client Error: Error: connect ECONNREFUSED 127.0.0.1:6379
2025-07-12 16:37:30 error: Redis Client Error: Error: connect ECONNREFUSED 127.0.0.1:6379
2025-07-12 16:37:30 error: Redis Client Error: Error: connect ECONNREFUSED 127.0.0.1:6379
2025-07-12 16:37:31 error: Redis Client Error: Error: connect ECONNREFUSED 127.0.0.1:6379
2025-07-12 16:37:31 error: Redis Client Error: Error: connect ECONNREFUSED 127.0.0.1:6379
2025-07-12 16:37:32 error: Redis Client Error: Error: connect ECONNREFUSED 127.0.0.1:6379
2025-07-12 16:37:32 error: Redis Client Error: Error: connect ECONNREFUSED 127.0.0.1:6379
2025-07-12 16:37:33 error: Redis Client Error: Error: connect ECONNREFUSED 127.0.0.1:6379
2025-07-12 16:37:33 error: Redis Client Error: Error: connect ECONNREFUSED 127.0.0.1:6379
2025-07-12 16:37:34 info: Redis connected
2025-07-12 16:53:05 info: 🚀 Server is running on port 8000
2025-07-12 16:53:05 info: Redis connected
2025-07-12 16:53:05 info: ✅ Connected to PostgreSQL
2025-07-12 17:00:16 info: 🚀 Server is running on port 8000
2025-07-12 17:00:16 info: Redis connected
2025-07-12 17:00:16 info: ✅ Connected to PostgreSQL
2025-07-12 17:04:29 info: 🚀 Server is running on port 8000
2025-07-12 17:04:29 info: Redis connected
2025-07-12 17:04:29 info: ✅ Connected to PostgreSQL
2025-07-12 17:06:29 info: 🚀 Server is running on port 8000
2025-07-12 17:06:29 info: Redis connected
2025-07-12 17:06:29 info: ✅ Connected to PostgreSQL
2025-07-12 17:06:58 info: 🚀 Server is running on port 8000
2025-07-12 17:06:58 info: Redis connected
2025-07-12 17:06:58 info: ✅ Connected to PostgreSQL
2025-07-12 17:07:00 info: 🚀 Server is running on port 8000
2025-07-12 17:07:00 info: Redis connected
2025-07-12 17:07:00 info: ✅ Connected to PostgreSQL
2025-07-12 17:16:10 info: 🚀 Server is running on port 8000
2025-07-12 17:16:10 info: Redis connected
2025-07-12 17:16:10 info: ✅ Connected to PostgreSQL
2025-07-12 17:21:29 info: 🚀 Server is running on port 8000
2025-07-12 17:21:29 info: Redis connected
2025-07-12 17:21:29 info: ✅ Connected to PostgreSQL
2025-07-12 17:21:35 info: 🚀 Server is running on port 8000
2025-07-12 17:21:35 info: Redis connected
2025-07-12 17:21:35 info: ✅ Connected to PostgreSQL
2025-07-12 17:21:45 info: 🚀 Server is running on port 8000
2025-07-12 17:21:45 info: Redis connected
2025-07-12 17:21:45 info: ✅ Connected to PostgreSQL
2025-07-12 17:29:35 info: 🚀 Server is running on port 8000
2025-07-12 17:29:35 info: Redis connected
2025-07-12 17:29:35 info: ✅ Connected to PostgreSQL
2025-07-12 17:29:45 info: 🚀 Server is running on port 8000
2025-07-12 17:29:45 info: Redis connected
2025-07-12 17:29:45 info: ✅ Connected to PostgreSQL
2025-07-12 17:30:06 info: 🚀 Server is running on port 8000
2025-07-12 17:30:07 info: Redis connected
2025-07-12 17:30:07 info: ✅ Connected to PostgreSQL
2025-07-12 17:30:22 info: 🚀 Server is running on port 8000
2025-07-12 17:30:22 info: Redis connected
2025-07-12 17:30:22 info: ✅ Connected to PostgreSQL
2025-07-12 17:30:25 info: 🚀 Server is running on port 8000
2025-07-12 17:30:25 info: Redis connected
2025-07-12 17:30:25 info: ✅ Connected to PostgreSQL
2025-07-12 17:32:16 info: 🚀 Server is running on port 8000
2025-07-12 17:32:16 info: Redis connected
2025-07-12 17:32:16 info: ✅ Connected to PostgreSQL
2025-07-12 17:34:14 info: 🚀 Server is running on port 8000
2025-07-12 17:34:14 info: Redis connected
2025-07-12 17:34:14 info: ✅ Connected to PostgreSQL
2025-07-12 17:34:38 info: 🚀 Server is running on port 8000
2025-07-12 17:34:38 info: Redis connected
2025-07-12 17:34:38 info: ✅ Connected to PostgreSQL
2025-07-12 17:36:38 error: authService.authenticateWithGoogle: Request failed with status code 400
2025-07-12 17:42:11 error: userService.getUserByEmail: Cannot read properties of undefined (reading 'toLowerCase')
2025-07-12 17:42:11 error: authService.authenticateWithGoogle: Internal Server Error
2025-07-12 17:42:13 error: userService.getUserByEmail: Cannot read properties of undefined (reading 'toLowerCase')
2025-07-12 17:42:13 error: authService.authenticateWithGoogle: Internal Server Error
2025-07-12 17:42:31 error: userService.getUserByEmail: Cannot read properties of undefined (reading 'toLowerCase')
2025-07-12 17:42:31 error: authService.authenticateWithGoogle: Internal Server Error
2025-07-12 17:42:58 error: userService.getUserByEmail: Cannot read properties of undefined (reading 'toLowerCase')
2025-07-12 17:42:58 error: authService.authenticateWithGoogle: Internal Server Error
2025-07-12 17:45:01 info: 🚀 Server is running on port 8000
2025-07-12 17:45:01 info: Redis connected
2025-07-12 17:45:01 info: ✅ Connected to PostgreSQL
2025-07-12 17:45:06 error: userService.getUserByEmail: Cannot read properties of undefined (reading 'toLowerCase')
2025-07-12 17:45:06 error: authService.authenticateWithGoogle: Internal Server Error
2025-07-12 17:49:46 info: 🚀 Server is running on port 8000
2025-07-12 17:49:46 info: Redis connected
2025-07-12 17:49:46 info: ✅ Connected to PostgreSQL
2025-07-12 17:49:59 info: 🚀 Server is running on port 8000
2025-07-12 17:49:59 info: Redis connected
2025-07-12 17:49:59 info: ✅ Connected to PostgreSQL
2025-07-12 17:53:44 info: 🚀 Server is running on port 8000
2025-07-12 17:53:44 info: Redis connected
2025-07-12 17:53:44 info: ✅ Connected to PostgreSQL
2025-07-12 17:56:36 info: 🚀 Server is running on port 8000
2025-07-12 17:56:36 info: Redis connected
2025-07-12 17:56:36 info: ✅ Connected to PostgreSQL
2025-07-12 18:02:17 info: 🚀 Server is running on port 8000
2025-07-12 18:02:17 info: Redis connected
2025-07-12 18:02:17 info: ✅ Connected to PostgreSQL
2025-07-12 18:03:39 info: 🚀 Server is running on port 8000
2025-07-12 18:03:39 info: Redis connected
2025-07-12 18:03:39 info: ✅ Connected to PostgreSQL
2025-07-12 18:10:12 info: 🚀 Server is running on port 8000
2025-07-12 18:10:12 info: Redis connected
2025-07-12 18:10:12 info: ✅ Connected to PostgreSQL
2025-07-12 18:11:59 info: 🚀 Server is running on port 8000
2025-07-12 18:11:59 info: Redis connected
2025-07-12 18:11:59 info: ✅ Connected to PostgreSQL
2025-07-12 18:42:37 info: 🚀 Server is running on port 8000
2025-07-12 18:42:37 info: Redis connected
2025-07-12 18:42:37 info: ✅ Connected to PostgreSQL
2025-07-12 18:42:41 info: 🚀 Server is running on port 8000
2025-07-12 18:42:41 info: Redis connected
2025-07-12 18:42:41 info: ✅ Connected to PostgreSQL
2025-07-12 18:42:49 info: 🚀 Server is running on port 8000
2025-07-12 18:42:49 info: Redis connected
2025-07-12 18:42:49 info: ✅ Connected to PostgreSQL
2025-07-12 18:42:57 info: 🚀 Server is running on port 8000
2025-07-12 18:42:57 info: Redis connected
2025-07-12 18:42:57 info: ✅ Connected to PostgreSQL
2025-07-12 18:43:10 info: 🚀 Server is running on port 8000
2025-07-12 18:43:10 info: Redis connected
2025-07-12 18:43:10 info: ✅ Connected to PostgreSQL
2025-07-12 18:44:58 info: 🚀 Server is running on port 8000
2025-07-12 18:44:58 info: Redis connected
2025-07-12 18:44:58 info: ✅ Connected to PostgreSQL
2025-07-12 18:45:58 info: 🚀 Server is running on port 8000
2025-07-12 18:45:58 info: Redis connected
2025-07-12 18:45:58 info: ✅ Connected to PostgreSQL
2025-07-12 18:46:08 info: 🚀 Server is running on port 8000
2025-07-12 18:46:08 info: Redis connected
2025-07-12 18:46:08 info: ✅ Connected to PostgreSQL
2025-07-12 18:46:15 info: 🚀 Server is running on port 8000
2025-07-12 18:46:15 info: Redis connected
2025-07-12 18:46:15 info: ✅ Connected to PostgreSQL
2025-07-12 18:47:19 error: placeRepository.findById: invalid input syntax for type uuid: "featured"
2025-07-12 18:47:29 error: placeRepository.findById: invalid input syntax for type uuid: "search"
2025-07-12 18:47:31 error: placeRepository.findById: invalid input syntax for type uuid: "search"
2025-07-12 18:51:35 info: 🚀 Server is running on port 8000
2025-07-12 18:51:35 info: Redis connected
2025-07-12 18:51:35 info: ✅ Connected to PostgreSQL
2025-07-12 18:52:52 info: 🚀 Server is running on port 8000
2025-07-12 18:52:52 info: Redis connected
2025-07-12 18:52:52 info: ✅ Connected to PostgreSQL
2025-07-12 18:53:04 info: 🚀 Server is running on port 8000
2025-07-12 18:53:04 info: Redis connected
2025-07-12 18:53:04 info: ✅ Connected to PostgreSQL
2025-07-12 18:53:12 error: placeRepository.findById: invalid input syntax for type uuid: "featured"
2025-07-12 18:55:42 info: 🚀 Server is running on port 8000
2025-07-12 18:55:42 info: Redis connected
2025-07-12 18:55:42 info: ✅ Connected to PostgreSQL
2025-07-12 18:56:16 info: 🚀 Server is running on port 8000
2025-07-12 18:56:16 info: Redis connected
2025-07-12 18:56:16 info: ✅ Connected to PostgreSQL
2025-07-12 19:01:10 info: 🚀 Server is running on port 8000
2025-07-12 19:01:10 info: Redis connected
2025-07-12 19:01:10 info: ✅ Connected to PostgreSQL
2025-07-12 19:26:34 info: 🚀 Server is running on port 8000
2025-07-12 19:26:34 info: Redis connected
2025-07-12 19:26:34 info: ✅ Connected to PostgreSQL
2025-07-12 19:27:02 info: 🚀 Server is running on port 8000
2025-07-12 19:27:02 info: Redis connected
2025-07-12 19:27:02 info: ✅ Connected to PostgreSQL
2025-07-12 19:27:05 info: 🚀 Server is running on port 8000
2025-07-12 19:27:05 info: Redis connected
2025-07-12 19:27:05 info: ✅ Connected to PostgreSQL
2025-07-12 19:27:20 info: 🚀 Server is running on port 8000
2025-07-12 19:27:20 info: Redis connected
2025-07-12 19:27:20 info: ✅ Connected to PostgreSQL
2025-07-12 19:27:26 info: 🚀 Server is running on port 8000
2025-07-12 19:27:26 info: Redis connected
2025-07-12 19:27:26 info: ✅ Connected to PostgreSQL
2025-07-12 19:27:28 info: 🚀 Server is running on port 8000
2025-07-12 19:27:28 info: Redis connected
2025-07-12 19:27:28 info: ✅ Connected to PostgreSQL
2025-07-12 19:28:44 info: 🚀 Server is running on port 8000
2025-07-12 19:28:44 info: Redis connected
2025-07-12 19:28:44 info: ✅ Connected to PostgreSQL
2025-07-12 19:29:02 info: 🚀 Server is running on port 8000
2025-07-12 19:29:02 info: Redis connected
2025-07-12 19:29:02 info: ✅ Connected to PostgreSQL
2025-07-12 19:29:11 info: 🚀 Server is running on port 8000
2025-07-12 19:29:11 info: Redis connected
2025-07-12 19:29:12 info: ✅ Connected to PostgreSQL
2025-07-12 19:29:27 info: 🚀 Server is running on port 8000
2025-07-12 19:29:27 info: Redis connected
2025-07-12 19:29:27 info: ✅ Connected to PostgreSQL
2025-07-12 19:31:04 info: 🚀 Server is running on port 8000
2025-07-12 19:31:04 info: Redis connected
2025-07-12 19:31:04 info: ✅ Connected to PostgreSQL
2025-07-12 19:32:34 info: 🚀 Server is running on port 8000
2025-07-12 19:32:34 info: Redis connected
2025-07-12 19:32:34 info: ✅ Connected to PostgreSQL
2025-07-12 19:33:07 info: 🚀 Server is running on port 8000
2025-07-12 19:33:07 info: Redis connected
2025-07-12 19:33:07 info: ✅ Connected to PostgreSQL
2025-07-12 19:33:13 info: 🚀 Server is running on port 8000
2025-07-12 19:33:13 info: Redis connected
2025-07-12 19:33:13 info: ✅ Connected to PostgreSQL
2025-07-12 19:33:49 info: 🚀 Server is running on port 8000
2025-07-12 19:33:49 info: Redis connected
2025-07-12 19:33:49 info: ✅ Connected to PostgreSQL
2025-07-12 19:33:51 info: 🚀 Server is running on port 8000
2025-07-12 19:33:51 info: Redis connected
2025-07-12 19:33:51 info: ✅ Connected to PostgreSQL
2025-07-12 19:34:43 info: 🚀 Server is running on port 8000
2025-07-12 19:34:43 info: Redis connected
2025-07-12 19:34:43 info: ✅ Connected to PostgreSQL
2025-07-12 22:21:26 info: 🚀 Server is running on port 8000
2025-07-12 22:21:26 info: Redis connected
2025-07-12 22:21:26 info: ✅ Connected to PostgreSQL
2025-07-12 22:21:42 info: 🚀 Server is running on port 8000
2025-07-12 22:21:42 info: Redis connected
2025-07-12 22:21:42 info: ✅ Connected to PostgreSQL
2025-07-12 22:22:36 info: 🚀 Server is running on port 8000
2025-07-12 22:22:36 info: Redis connected
2025-07-12 22:22:36 info: ✅ Connected to PostgreSQL
2025-07-12 22:22:49 info: 🚀 Server is running on port 8000
2025-07-12 22:22:49 info: Redis connected
2025-07-12 22:22:49 info: ✅ Connected to PostgreSQL
2025-07-12 22:22:55 info: 🚀 Server is running on port 8000
2025-07-12 22:22:55 info: Redis connected
2025-07-12 22:22:55 info: ✅ Connected to PostgreSQL
2025-07-12 22:23:10 info: 🚀 Server is running on port 8000
2025-07-12 22:23:10 info: Redis connected
2025-07-12 22:23:10 info: ✅ Connected to PostgreSQL
2025-07-12 22:26:03 info: 🚀 Server is running on port 8000
2025-07-12 22:26:03 info: Redis connected
2025-07-12 22:26:03 info: ✅ Connected to PostgreSQL
2025-07-12 22:26:08 info: 🚀 Server is running on port 8000
2025-07-12 22:26:08 info: Redis connected
2025-07-12 22:26:08 info: ✅ Connected to PostgreSQL
2025-07-12 22:26:32 info: 🚀 Server is running on port 8000
2025-07-12 22:26:32 info: Redis connected
2025-07-12 22:26:32 info: ✅ Connected to PostgreSQL
2025-07-12 22:26:48 info: 🚀 Server is running on port 8000
2025-07-12 22:26:48 info: Redis connected
2025-07-12 22:26:48 info: ✅ Connected to PostgreSQL
2025-07-12 22:27:24 info: Images added to place: teide-national-park-tenerife
2025-07-12 22:29:11 info: Images added to place: teide-national-park-tenerife
2025-07-12 22:30:07 info: 🚀 Server is running on port 8000
2025-07-12 22:30:07 info: Redis connected
2025-07-12 22:30:07 info: ✅ Connected to PostgreSQL
2025-07-12 22:30:23 info: 🚀 Server is running on port 8000
2025-07-12 22:30:23 info: Redis connected
2025-07-12 22:30:23 info: ✅ Connected to PostgreSQL
2025-07-12 22:30:26 info: Images added to place: teide-national-park-tenerife
2025-07-12 22:30:26 info: Images added to place: teide-national-park-tenerife
2025-07-12 22:30:28 info: Images added to place: teide-national-park-tenerife
2025-07-12 22:31:08 info: 🚀 Server is running on port 8000
2025-07-12 22:31:08 info: Redis connected
2025-07-12 22:31:08 info: ✅ Connected to PostgreSQL
2025-07-12 22:31:35 info: 🚀 Server is running on port 8000
2025-07-12 22:31:35 info: Redis connected
2025-07-12 22:31:35 info: ✅ Connected to PostgreSQL
2025-07-12 22:31:58 info: 🚀 Server is running on port 8000
2025-07-12 22:31:58 info: Redis connected
2025-07-12 22:31:58 info: ✅ Connected to PostgreSQL
2025-07-12 22:32:09 info: 🚀 Server is running on port 8000
2025-07-12 22:32:09 info: Redis connected
2025-07-12 22:32:09 info: ✅ Connected to PostgreSQL
2025-07-12 22:36:17 info: 🚀 Server is running on port 8000
2025-07-12 22:36:17 info: Redis connected
2025-07-12 22:36:17 info: ✅ Connected to PostgreSQL
2025-07-12 22:36:35 info: 🚀 Server is running on port 8000
2025-07-12 22:36:35 info: Redis connected
2025-07-12 22:36:35 info: ✅ Connected to PostgreSQL
2025-07-12 22:36:41 info: Images added to place: teide-national-park-tenerife
2025-07-12 22:38:00 info: 🚀 Server is running on port 8000
2025-07-12 22:38:00 info: Redis connected
2025-07-12 22:38:00 info: ✅ Connected to PostgreSQL
2025-07-12 22:38:05 info: 🚀 Server is running on port 8000
2025-07-12 22:38:05 info: Redis connected
2025-07-12 22:38:05 info: ✅ Connected to PostgreSQL
2025-07-12 22:38:29 info: 🚀 Server is running on port 8000
2025-07-12 22:38:29 info: Redis connected
2025-07-12 22:38:29 info: ✅ Connected to PostgreSQL
2025-07-12 22:40:15 info: 🚀 Server is running on port 8000
2025-07-12 22:40:15 info: Redis connected
2025-07-12 22:40:15 info: ✅ Connected to PostgreSQL
2025-07-12 22:40:24 info: 🚀 Server is running on port 8000
2025-07-12 22:40:24 info: Redis connected
2025-07-12 22:40:24 info: ✅ Connected to PostgreSQL
2025-07-12 22:40:29 info: Images added to place: teide-national-park-tenerife
2025-07-12 22:40:50 info: 🚀 Server is running on port 8000
2025-07-12 22:40:50 info: Redis connected
2025-07-12 22:40:50 info: ✅ Connected to PostgreSQL
2025-07-12 22:41:03 info: Storage path: C:\Users\Sergio\Desktop\TFG\canary-adventure\apps\storage
2025-07-12 22:41:03 info: 🚀 Server is running on port 8000
2025-07-12 22:41:03 info: Redis connected
2025-07-12 22:41:03 info: ✅ Connected to PostgreSQL
2025-07-12 22:41:05 info: Storage path: C:\Users\Sergio\Desktop\TFG\canary-adventure\apps\storage
2025-07-12 22:41:05 info: 🚀 Server is running on port 8000
2025-07-12 22:41:06 info: Redis connected
2025-07-12 22:41:06 info: ✅ Connected to PostgreSQL
2025-07-12 22:42:09 info: Storage path: C:\Users\Sergio\Desktop\TFG\canary-adventure\apps\backend\src
2025-07-12 22:42:09 info: 🚀 Server is running on port 8000
2025-07-12 22:42:09 info: Redis connected
2025-07-12 22:42:09 info: ✅ Connected to PostgreSQL
2025-07-12 22:42:22 info: Storage path: C:\Users\Sergio\Desktop\TFG\canary-adventure\apps\backend\src
2025-07-12 22:42:22 info: 🚀 Server is running on port 8000
2025-07-12 22:42:22 info: Redis connected
2025-07-12 22:42:22 info: ✅ Connected to PostgreSQL
2025-07-12 22:42:28 info: Storage path: C:\Users\Sergio\Desktop\TFG\canary-adventure\apps\backend\storage
2025-07-12 22:42:28 info: 🚀 Server is running on port 8000
2025-07-12 22:42:28 info: Redis connected
2025-07-12 22:42:28 info: ✅ Connected to PostgreSQL
2025-07-12 22:44:48 info: Images added to place: teide-national-park-tenerife
2025-07-12 22:46:58 info: Storage path: C:\Users\Sergio\Desktop\TFG\canary-adventure\apps\backend\storage
2025-07-12 22:46:58 info: 🚀 Server is running on port 8000
2025-07-12 22:46:58 info: Redis connected
2025-07-12 22:46:58 info: ✅ Connected to PostgreSQL
2025-07-12 22:47:03 info: Storage path: C:\Users\Sergio\Desktop\TFG\canary-adventure\apps\backend\storage
2025-07-12 22:47:03 info: 🚀 Server is running on port 8000
2025-07-12 22:47:03 info: Redis connected
2025-07-12 22:47:03 info: ✅ Connected to PostgreSQL
2025-07-12 22:47:46 info: Storage path: C:\Users\Sergio\Desktop\TFG\canary-adventure\apps\backend\storage
2025-07-12 22:47:46 info: 🚀 Server is running on port 8000
2025-07-12 22:47:46 info: Redis connected
2025-07-12 22:47:46 info: ✅ Connected to PostgreSQL
2025-07-12 22:48:15 info: Storage path: \storage
2025-07-12 22:48:15 info: 🚀 Server is running on port 8000
2025-07-12 22:48:15 info: Redis connected
2025-07-12 22:48:15 info: ✅ Connected to PostgreSQL
2025-07-12 22:51:21 info: Storage path: \storage
2025-07-12 22:51:21 info: 🚀 Server is running on port 8000
2025-07-12 22:51:21 info: Redis connected
2025-07-12 22:51:21 info: ✅ Connected to PostgreSQL
2025-07-12 22:51:23 info: Storage path: C:\Users\Sergio\Desktop\TFG\canary-adventure\apps\backend\storage
2025-07-12 22:51:23 info: 🚀 Server is running on port 8000
2025-07-12 22:51:23 info: Redis connected
2025-07-12 22:51:23 info: ✅ Connected to PostgreSQL
2025-07-12 22:51:49 info: Storage path: C:\Users\Sergio\Desktop\TFG\canary-adventure\apps\backend\storage
2025-07-12 22:51:49 info: 🚀 Server is running on port 8000
2025-07-12 22:51:49 info: Redis connected
2025-07-12 22:51:49 info: ✅ Connected to PostgreSQL
2025-07-12 22:52:04 info: Storage path: C:\Users\Sergio\Desktop\TFG\canary-adventure\apps\backend\storage
2025-07-12 22:52:04 info: 🚀 Server is running on port 8000
2025-07-12 22:52:04 info: Redis connected
2025-07-12 22:52:04 info: ✅ Connected to PostgreSQL
2025-07-12 22:52:31 info: Storage path: C:\Users\Sergio\Desktop\TFG\canary-adventure\apps\backend\storage
2025-07-12 22:52:31 info: 🚀 Server is running on port 8000
2025-07-12 22:52:31 info: Redis connected
2025-07-12 22:52:31 info: ✅ Connected to PostgreSQL
2025-07-12 22:53:54 info: Storage path: C:\Users\Sergio\Desktop\TFG\canary-adventure\apps\backend\storage
2025-07-12 22:53:54 info: 🚀 Server is running on port 8000
2025-07-12 22:53:54 info: Redis connected
2025-07-12 22:53:54 info: ✅ Connected to PostgreSQL
2025-07-12 22:57:23 info: Storage path: C:\Users\Sergio\Desktop\TFG\canary-adventure\apps\backend\storage
2025-07-12 22:57:23 info: 🚀 Server is running on port 8000
2025-07-12 22:57:23 info: Redis connected
2025-07-12 22:57:23 info: ✅ Connected to PostgreSQL
2025-07-12 22:57:36 info: Storage path: C:\Users\Sergio\Desktop\TFG\canary-adventure\apps\backend\storage
2025-07-12 22:57:36 info: 🚀 Server is running on port 8000
2025-07-12 22:57:36 info: Redis connected
2025-07-12 22:57:36 info: ✅ Connected to PostgreSQL
2025-07-12 22:58:23 info: Storage path: C:\Users\Sergio\Desktop\TFG\canary-adventure\apps\backend\storage
2025-07-12 22:58:23 info: 🚀 Server is running on port 8000
2025-07-12 22:58:23 info: Redis connected
2025-07-12 22:58:23 info: ✅ Connected to PostgreSQL
2025-07-12 22:58:37 info: Storage path: C:\Users\Sergio\Desktop\TFG\canary-adventure\apps\backend\storage
2025-07-12 22:58:37 info: 🚀 Server is running on port 8000
2025-07-12 22:58:37 info: Redis connected
2025-07-12 22:58:37 info: ✅ Connected to PostgreSQL
2025-07-12 23:02:19 info: Storage path: C:\Users\Sergio\Desktop\TFG\canary-adventure\apps\backend\storage
2025-07-12 23:02:19 info: 🚀 Server is running on port 8000
2025-07-12 23:02:19 info: Redis connected
2025-07-12 23:02:19 info: ✅ Connected to PostgreSQL
2025-07-12 23:03:07 info: Images added to place: teide-national-park-tenerife
2025-07-12 23:04:36 info: Storage path: C:\Users\Sergio\Desktop\TFG\canary-adventure\apps\backend\storage
2025-07-12 23:04:36 info: 🚀 Server is running on port 8000
2025-07-12 23:04:36 info: Redis connected
2025-07-12 23:04:36 info: ✅ Connected to PostgreSQL
2025-07-12 23:04:48 info: 🚀 Server is running on port 8000
2025-07-12 23:04:48 info: Redis connected
2025-07-12 23:04:48 info: ✅ Connected to PostgreSQL
2025-07-12 23:04:53 info: 🚀 Server is running on port 8000
2025-07-12 23:04:53 info: Redis connected
2025-07-12 23:04:54 info: ✅ Connected to PostgreSQL
2025-07-12 23:05:42 info: Images added to place: teide-national-park-tenerife
